<?xml version="1.0" encoding="UTF-8"?>
<!-- Generated by org.testng.reporters.JUnitReportReporter -->
<testsuite hostname="IN-6YPGH92" name="com.morningstar.OnDemand.Flow.Test.OnDemandLoginTest" tests="3" failures="0" timestamp="5 May 2017 09:55:14 GMT" time="132.812" errors="0">
  <testcase name="verifyLive" time="61.821" classname="com.morningstar.OnDemand.Flow.Test.OnDemandLoginTest"/>
  <testcase name="validateUATwithLIVE" time="0.121" classname="com.morningstar.OnDemand.Flow.Test.OnDemandLoginTest"/>
  <testcase name="verifyUAT" time="70.870" classname="com.morningstar.OnDemand.Flow.Test.OnDemandLoginTest"/>
</testsuite> <!-- com.morningstar.OnDemand.Flow.Test.OnDemandLoginTest -->
